0 info it worked if it ends with ok
1 verbose cli [ '/usr/bin/nodejs',
1 verbose cli   '/usr/bin/npm',
1 verbose cli   'install',
1 verbose cli   '--save',
1 verbose cli   'nodejs-legacy' ]
2 info using npm@1.3.10
3 info using node@v0.10.25
4 warn package.json bsb-api@ No description
5 warn package.json bsb-api@ No repository field.
6 warn package.json bsb-api@ No README data
7 verbose readDependencies using package.json deps
8 verbose cache add [ 'nodejs-legacy', null ]
9 verbose cache add name=undefined spec="nodejs-legacy" args=["nodejs-legacy",null]
10 verbose parsed url { protocol: null,
10 verbose parsed url   slashes: null,
10 verbose parsed url   auth: null,
10 verbose parsed url   host: null,
10 verbose parsed url   port: null,
10 verbose parsed url   hostname: null,
10 verbose parsed url   hash: null,
10 verbose parsed url   search: null,
10 verbose parsed url   query: null,
10 verbose parsed url   pathname: 'nodejs-legacy',
10 verbose parsed url   path: 'nodejs-legacy',
10 verbose parsed url   href: 'nodejs-legacy' }
11 silly lockFile 4f44b85d-nodejs-legacy nodejs-legacy
12 verbose lock nodejs-legacy /root/.npm/4f44b85d-nodejs-legacy.lock
13 silly lockFile 4f44b85d-nodejs-legacy nodejs-legacy
14 silly lockFile 4f44b85d-nodejs-legacy nodejs-legacy
15 verbose addNamed [ 'nodejs-legacy', '' ]
16 verbose addNamed [ null, '*' ]
17 silly lockFile 153b0423-nodejs-legacy nodejs-legacy@
18 verbose lock nodejs-legacy@ /root/.npm/153b0423-nodejs-legacy.lock
19 silly addNameRange { name: 'nodejs-legacy', range: '*', hasData: false }
20 verbose url raw nodejs-legacy
21 verbose url resolving [ 'https://registry.npmjs.org/', './nodejs-legacy' ]
22 verbose url resolved https://registry.npmjs.org/nodejs-legacy
23 info trying registry request attempt 1 at 03:57:22
24 http GET https://registry.npmjs.org/nodejs-legacy
25 http 404 https://registry.npmjs.org/nodejs-legacy
26 silly registry.get cb [ 404,
26 silly registry.get   { date: 'Wed, 10 Dec 2014 08:57:22 GMT',
26 silly registry.get     server: 'CouchDB/1.5.0 (Erlang OTP/R16B03)',
26 silly registry.get     'content-type': 'application/json',
26 silly registry.get     'cache-control': 'max-age=0',
26 silly registry.get     'content-length': '52',
26 silly registry.get     'accept-ranges': 'bytes',
26 silly registry.get     via: '1.1 varnish',
26 silly registry.get     age: '0',
26 silly registry.get     'x-served-by': 'cache-iad2136-IAD',
26 silly registry.get     'x-cache': 'MISS',
26 silly registry.get     'x-cache-hits': '0',
26 silly registry.get     'x-timer': 'S1418201842.687283,VS0,VE54',
26 silly registry.get     'keep-alive': 'timeout=10, max=50',
26 silly registry.get     connection: 'Keep-Alive' } ]
27 silly lockFile 153b0423-nodejs-legacy nodejs-legacy@
28 silly lockFile 153b0423-nodejs-legacy nodejs-legacy@
29 error 404 'nodejs-legacy' is not in the npm registry.
29 error 404 You should bug the author to publish it
29 error 404
29 error 404 Note that you can also install from a
29 error 404 tarball, folder, or http url, or git url.
30 error System Linux 3.13.0-36-generic
31 error command "/usr/bin/nodejs" "/usr/bin/npm" "install" "--save" "nodejs-legacy"
32 error cwd /home/BSB-API
33 error node -v v0.10.25
34 error npm -v 1.3.10
35 error code E404
36 verbose exit [ 1, true ]
